2023-02-17 18:05:35,029 INFO o.a.j.u.JMeterUtils: Setting Locale to en_US
2023-02-17 18:05:35,049 INFO o.a.j.JMeter: Loading user properties from: user.properties
2023-02-17 18:05:35,050 INFO o.a.j.JMeter: Loading system properties from: system.properties
2023-02-17 18:05:35,056 INFO o.a.j.JMeter: Copyright (c) 1998-2022 The Apache Software Foundation
2023-02-17 18:05:35,056 INFO o.a.j.JMeter: Version 5.5
2023-02-17 18:05:35,056 INFO o.a.j.JMeter: java.version=18.0.2
2023-02-17 18:05:35,056 INFO o.a.j.JMeter: java.vm.name=Java HotSpot(TM) 64-Bit Server VM
2023-02-17 18:05:35,056 INFO o.a.j.JMeter: os.name=Windows 10
2023-02-17 18:05:35,056 INFO o.a.j.JMeter: os.arch=amd64
2023-02-17 18:05:35,056 INFO o.a.j.JMeter: os.version=10.0
2023-02-17 18:05:35,056 INFO o.a.j.JMeter: file.encoding=UTF-8
2023-02-17 18:05:35,057 INFO o.a.j.JMeter: java.awt.headless=null
2023-02-17 18:05:35,057 INFO o.a.j.JMeter: Max memory     =4112515072
2023-02-17 18:05:35,057 INFO o.a.j.JMeter: Available Processors =16
2023-02-17 18:05:35,062 INFO o.a.j.JMeter: Default Locale=English (United States)
2023-02-17 18:05:35,063 INFO o.a.j.JMeter: JMeter  Locale=English (United States)
2023-02-17 18:05:35,063 INFO o.a.j.JMeter: JMeterHome=C:\Users\nitsachdeva\Jmeter\Jmeter Installer\apache-jmeter-5.5
2023-02-17 18:05:35,063 INFO o.a.j.JMeter: user.dir  =C:\Users\nitsachdeva\Jmeter\Jmeter Installer\apache-jmeter-5.5\bin
2023-02-17 18:05:35,063 INFO o.a.j.JMeter: PWD       =C:\Users\nitsachdeva\Jmeter\Jmeter Installer\apache-jmeter-5.5\bin
2023-02-17 18:05:35,064 INFO o.a.j.JMeter: IP: 192.168.1.3 Name: USBLRNITSACHDE1 FullName: host.docker.internal
2023-02-17 18:05:35,072 INFO o.a.j.JMeter: Loaded icon properties from org/apache/jmeter/images/icon.properties
2023-02-17 18:05:35,220 INFO o.a.j.JMeterGuiLauncher: Setting LAF to: com.github.weisj.darklaf.DarkLaf:com.github.weisj.darklaf.theme.DarculaTheme
2023-02-17 18:05:37,176 INFO o.j.r.JARSourceHTTP: Requesting https://jmeter-plugins.org/repo/?installID=windows_10-d9dcb5bdfaabc60738ecd894bb40d19d-gui
2023-02-17 18:05:40,040 INFO o.j.r.PluginManager: Plugins Status: [jpgc-plugins-manager=1.8, jpgc-webdriver=4.5.1, jmeter-core=5.5, jmeter-ftp=5.5, jmeter-http=5.5, jmeter-jdbc=5.5, jmeter-jms=5.5, jmeter-junit=5.5, jmeter-java=5.5, jmeter-ldap=5.5, jmeter-mail=5.5, jmeter-mongodb=5.5, jmeter-native=5.5, jmeter-tcp=5.5, jmeter-components=5.5]
2023-02-17 18:05:40,041 INFO o.j.r.PluginManagerMenuItem: Plugins Manager has upgrades: [jpgc-webdriver]
2023-02-17 18:05:46,228 INFO o.a.j.s.FileServer: Default base='C:\Users\nitsachdeva\Jmeter\Jmeter Installer\apache-jmeter-5.5\bin'
2023-02-17 18:05:46,230 INFO o.a.j.g.a.Load: Loading file: C:\Users\nitsachdeva\Jmeter\jmeter_tests\ri_performance_test_script.jmx
2023-02-17 18:05:46,230 INFO o.a.j.s.FileServer: Set new base='C:\Users\nitsachdeva\Jmeter\jmeter_tests'
2023-02-17 18:05:46,377 INFO o.a.j.s.SaveService: Testplan (JMX) version: 2.2. Testlog (JTL) version: 2.2
2023-02-17 18:05:46,382 INFO o.a.j.s.SaveService: Using SaveService properties version 5.0
2023-02-17 18:05:46,383 INFO o.a.j.s.SaveService: Using SaveService properties file encoding UTF-8
2023-02-17 18:05:46,384 INFO o.a.j.s.SaveService: Loading file: C:\Users\nitsachdeva\Jmeter\jmeter_tests\ri_performance_test_script.jmx
2023-02-17 18:05:46,514 INFO o.a.j.s.SampleResult: Note: Sample TimeStamps are START times
2023-02-17 18:05:46,514 INFO o.a.j.s.SampleResult: sampleresult.default.encoding is set to ISO-8859-1
2023-02-17 18:05:46,514 INFO o.a.j.s.SampleResult: sampleresult.useNanoTime=true
2023-02-17 18:05:46,514 INFO o.a.j.s.SampleResult: sampleresult.nanoThreadSleep=5000
2023-02-17 18:05:46,726 INFO o.a.j.v.ViewResultsFullVisualizer: Add JavaFX to your Java installation if you want to use renderer: org.apache.jmeter.visualizers.RenderInBrowser
2023-02-17 18:05:46,866 INFO o.a.j.s.FileServer: Set new base='C:\Users\nitsachdeva\Jmeter\jmeter_tests'
2023-02-17 18:08:19,177 INFO o.a.j.e.StandardJMeterEngine: Running the test!
2023-02-17 18:08:19,178 INFO o.a.j.s.SampleEvent: List of sample_variables: []
2023-02-17 18:08:19,178 INFO o.a.j.s.SampleEvent: List of sample_variables: []
2023-02-17 18:08:19,179 INFO o.a.j.e.u.CompoundVariable: Note: Function class names must contain the string: '.functions.'
2023-02-17 18:08:19,179 INFO o.a.j.e.u.CompoundVariable: Note: Function class names must not contain the string: '.gui.'
2023-02-17 18:08:19,238 INFO o.a.j.g.u.JMeterMenuBar: setRunning(true, *local*)
2023-02-17 18:08:19,275 INFO o.a.j.e.StandardJMeterEngine: Starting ThreadGroup: 1 : Thread Group
2023-02-17 18:08:19,275 INFO o.a.j.e.StandardJMeterEngine: Starting 1 threads for group Thread Group.
2023-02-17 18:08:19,275 INFO o.a.j.e.StandardJMeterEngine: Thread will continue on error
2023-02-17 18:08:19,275 INFO o.a.j.t.ThreadGroup: Starting thread group... number=1 threads=1 ramp-up=1 delayedStart=false
2023-02-17 18:08:19,279 INFO o.a.j.t.ThreadGroup: Started thread group number 1
2023-02-17 18:08:19,279 INFO o.a.j.e.StandardJMeterEngine: All thread groups have been started
2023-02-17 18:08:19,280 INFO o.a.j.t.JMeterThread: Thread started: Thread Group 1-1
2023-02-17 18:08:22,204 ERROR c.g.j.p.w.s.WebDriverSampler: org.codehaus.groovy.control.MultipleCompilationErrorsException: startup failed:
Script1.groovy: 6: unable to resolve class pkg.WebDriverWait
 @ line 6, column 12.
   var wait = new pkg.WebDriverWait(WDS.browser, 10)
              ^

1 error

2023-02-17 18:08:22,207 INFO o.a.j.t.JMeterThread: Thread is done: Thread Group 1-1
2023-02-17 18:08:22,207 INFO o.a.j.t.JMeterThread: Thread finished: Thread Group 1-1
2023-02-17 18:08:22,207 INFO o.a.j.e.StandardJMeterEngine: Notifying test listeners of end of test
2023-02-17 18:08:22,208 INFO o.a.j.g.u.JMeterMenuBar: setRunning(false, *local*)
2023-02-17 18:09:16,396 INFO o.a.j.e.StandardJMeterEngine: Running the test!
2023-02-17 18:09:16,397 INFO o.a.j.s.SampleEvent: List of sample_variables: []
2023-02-17 18:09:16,397 INFO o.a.j.g.u.JMeterMenuBar: setRunning(true, *local*)
2023-02-17 18:09:16,429 INFO o.a.j.e.StandardJMeterEngine: Starting ThreadGroup: 1 : Thread Group
2023-02-17 18:09:16,429 INFO o.a.j.e.StandardJMeterEngine: Starting 1 threads for group Thread Group.
2023-02-17 18:09:16,429 INFO o.a.j.e.StandardJMeterEngine: Thread will continue on error
2023-02-17 18:09:16,429 INFO o.a.j.t.ThreadGroup: Starting thread group... number=1 threads=1 ramp-up=1 delayedStart=false
2023-02-17 18:09:16,431 INFO o.a.j.t.ThreadGroup: Started thread group number 1
2023-02-17 18:09:16,431 INFO o.a.j.e.StandardJMeterEngine: All thread groups have been started
2023-02-17 18:09:16,431 INFO o.a.j.t.JMeterThread: Thread started: Thread Group 1-1
2023-02-17 18:09:16,440 WARN c.g.j.p.w.c.WebDriverConfig: Old browser object is inaccessible, will create new
org.openqa.selenium.NoSuchWindowException: no such window: target window already closed
from unknown error: web view not found
  (Session info: chrome=110.0.5481.97)
Build info: version: '4.5.0', revision: 'fe167b119a'
System info: os.name: 'Windows 10', os.arch: 'amd64', os.version: '10.0', java.version: '18.0.2'
Driver info: org.openqa.selenium.chrome.ChromeDriver
Command: [74c6ddaea5e7aafdd7ef3ab32c904d28, getCurrentUrl {}]
Capabilities {acceptInsecureCerts: true, browserName: chrome, browserVersion: 110.0.5481.97, chrome: {chromedriverVersion: 110.0.5481.77 (65ed616c6e8e..., userDataDir: C:\Users\NITSAC~1\AppData\L...}, goog:chromeOptions: {debuggerAddress: localhost:59347}, networkConnectionEnabled: false, pageLoadStrategy: normal, platformName: WINDOWS, proxy: Proxy(system), se:cdp: ws://localhost:59347/devtoo..., se:cdpVersion: 110.0.5481.97, setWindowRect: true, strictFileInteractability: false, timeouts: {implicit: 0, pageLoad: 300000, script: 30000}, unhandledPromptBehavior: dismiss and notify, webauthn:extension:credBlob: true, webauthn:extension:largeBlob: true, webauthn:virtualAuthenticators: true}
Session ID: 74c6ddaea5e7aafdd7ef3ab32c904d28
	at jdk.internal.reflect.DirectConstructorHandleAccessor.newInstance(DirectConstructorHandleAccessor.java:67) ~[?:?]
	at java.lang.reflect.Constructor.newInstanceWithCaller(Constructor.java:499) ~[?:?]
	at java.lang.reflect.Constructor.newInstance(Constructor.java:483) ~[?:?]
	at org.openqa.selenium.remote.codec.w3c.W3CHttpResponseCodec.createException(W3CHttpResponseCodec.java:200) ~[selenium-remote-driver-4.5.0.jar:?]
	at org.openqa.selenium.remote.codec.w3c.W3CHttpResponseCodec.decode(W3CHttpResponseCodec.java:133) ~[selenium-remote-driver-4.5.0.jar:?]
	at org.openqa.selenium.remote.codec.w3c.W3CHttpResponseCodec.decode(W3CHttpResponseCodec.java:53) ~[selenium-remote-driver-4.5.0.jar:?]
	at org.openqa.selenium.remote.HttpCommandExecutor.execute(HttpCommandExecutor.java:184) ~[selenium-remote-driver-4.5.0.jar:?]
	at org.openqa.selenium.remote.service.DriverCommandExecutor.invokeExecute(DriverCommandExecutor.java:167) ~[selenium-remote-driver-4.5.0.jar:?]
	at org.openqa.selenium.remote.service.DriverCommandExecutor.execute(DriverCommandExecutor.java:142) ~[selenium-remote-driver-4.5.0.jar:?]
	at org.openqa.selenium.remote.RemoteWebDriver.execute(RemoteWebDriver.java:547) ~[selenium-remote-driver-4.5.0.jar:?]
	at org.openqa.selenium.remote.RemoteWebDriver.execute(RemoteWebDriver.java:602) ~[selenium-remote-driver-4.5.0.jar:?]
	at org.openqa.selenium.remote.RemoteWebDriver.execute(RemoteWebDriver.java:606) ~[selenium-remote-driver-4.5.0.jar:?]
	at org.openqa.selenium.remote.RemoteWebDriver.getCurrentUrl(RemoteWebDriver.java:322) ~[selenium-remote-driver-4.5.0.jar:?]
	at com.googlecode.jmeter.plugins.webdriver.config.WebDriverConfig.hasThreadBrowser(WebDriverConfig.java:284) ~[jmeter-plugins-webdriver-4.5.1.jar:?]
	at com.googlecode.jmeter.plugins.webdriver.config.WebDriverConfig.threadStarted(WebDriverConfig.java:214) ~[jmeter-plugins-webdriver-4.5.1.jar:?]
	at org.apache.jmeter.threads.JMeterThread$ThreadListenerTraverser.addNode(JMeterThread.java:797) ~[ApacheJMeter_core.jar:5.5]
	at org.apache.jorphan.collections.HashTree.traverseInto(HashTree.java:993) ~[jorphan.jar:5.5]
	at org.apache.jorphan.collections.HashTree.traverse(HashTree.java:976) ~[jorphan.jar:5.5]
	at org.apache.jmeter.threads.JMeterThread.threadStarted(JMeterThread.java:765) ~[ApacheJMeter_core.jar:5.5]
	at org.apache.jmeter.threads.JMeterThread.initRun(JMeterThread.java:753) ~[ApacheJMeter_core.jar:5.5]
	at org.apache.jmeter.threads.JMeterThread.run(JMeterThread.java:264) ~[ApacheJMeter_core.jar:5.5]
	at java.lang.Thread.run(Thread.java:833) ~[?:?]
2023-02-17 18:09:21,864 ERROR c.g.j.p.w.s.WebDriverSampler: javax.script.ScriptException: groovy.lang.MissingPropertyException: No such property: org for class: Script2
2023-02-17 18:09:21,864 INFO o.a.j.t.JMeterThread: Thread is done: Thread Group 1-1
2023-02-17 18:09:21,865 INFO o.a.j.t.JMeterThread: Thread finished: Thread Group 1-1
2023-02-17 18:09:21,865 INFO o.a.j.e.StandardJMeterEngine: Notifying test listeners of end of test
2023-02-17 18:09:21,865 INFO o.a.j.g.u.JMeterMenuBar: setRunning(false, *local*)
2023-02-17 18:11:57,744 INFO o.a.j.e.StandardJMeterEngine: Running the test!
2023-02-17 18:11:57,745 INFO o.a.j.s.SampleEvent: List of sample_variables: []
2023-02-17 18:11:57,745 INFO o.a.j.g.u.JMeterMenuBar: setRunning(true, *local*)
2023-02-17 18:11:57,781 INFO o.a.j.e.StandardJMeterEngine: Starting ThreadGroup: 1 : Thread Group
2023-02-17 18:11:57,781 INFO o.a.j.e.StandardJMeterEngine: Starting 1 threads for group Thread Group.
2023-02-17 18:11:57,781 INFO o.a.j.e.StandardJMeterEngine: Thread will continue on error
2023-02-17 18:11:57,781 INFO o.a.j.t.ThreadGroup: Starting thread group... number=1 threads=1 ramp-up=1 delayedStart=false
2023-02-17 18:11:57,784 INFO o.a.j.t.ThreadGroup: Started thread group number 1
2023-02-17 18:11:57,784 INFO o.a.j.e.StandardJMeterEngine: All thread groups have been started
2023-02-17 18:11:57,784 INFO o.a.j.t.JMeterThread: Thread started: Thread Group 1-1
2023-02-17 18:11:57,790 WARN c.g.j.p.w.c.WebDriverConfig: Old browser object is inaccessible, will create new
org.openqa.selenium.NoSuchWindowException: no such window: target window already closed
from unknown error: web view not found
  (Session info: chrome=110.0.5481.97)
Build info: version: '4.5.0', revision: 'fe167b119a'
System info: os.name: 'Windows 10', os.arch: 'amd64', os.version: '10.0', java.version: '18.0.2'
Driver info: org.openqa.selenium.chrome.ChromeDriver
Command: [84b5719dfe5eb2ddefc2b62b37ea569d, getCurrentUrl {}]
Capabilities {acceptInsecureCerts: true, browserName: chrome, browserVersion: 110.0.5481.97, chrome: {chromedriverVersion: 110.0.5481.77 (65ed616c6e8e..., userDataDir: C:\Users\NITSAC~1\AppData\L...}, goog:chromeOptions: {debuggerAddress: localhost:59454}, networkConnectionEnabled: false, pageLoadStrategy: normal, platformName: WINDOWS, proxy: Proxy(system), se:cdp: ws://localhost:59454/devtoo..., se:cdpVersion: 110.0.5481.97, setWindowRect: true, strictFileInteractability: false, timeouts: {implicit: 0, pageLoad: 300000, script: 30000}, unhandledPromptBehavior: dismiss and notify, webauthn:extension:credBlob: true, webauthn:extension:largeBlob: true, webauthn:virtualAuthenticators: true}
Session ID: 84b5719dfe5eb2ddefc2b62b37ea569d
	at jdk.internal.reflect.DirectConstructorHandleAccessor.newInstance(DirectConstructorHandleAccessor.java:67) ~[?:?]
	at java.lang.reflect.Constructor.newInstanceWithCaller(Constructor.java:499) ~[?:?]
	at java.lang.reflect.Constructor.newInstance(Constructor.java:483) ~[?:?]
	at org.openqa.selenium.remote.codec.w3c.W3CHttpResponseCodec.createException(W3CHttpResponseCodec.java:200) ~[selenium-remote-driver-4.5.0.jar:?]
	at org.openqa.selenium.remote.codec.w3c.W3CHttpResponseCodec.decode(W3CHttpResponseCodec.java:133) ~[selenium-remote-driver-4.5.0.jar:?]
	at org.openqa.selenium.remote.codec.w3c.W3CHttpResponseCodec.decode(W3CHttpResponseCodec.java:53) ~[selenium-remote-driver-4.5.0.jar:?]
	at org.openqa.selenium.remote.HttpCommandExecutor.execute(HttpCommandExecutor.java:184) ~[selenium-remote-driver-4.5.0.jar:?]
	at org.openqa.selenium.remote.service.DriverCommandExecutor.invokeExecute(DriverCommandExecutor.java:167) ~[selenium-remote-driver-4.5.0.jar:?]
	at org.openqa.selenium.remote.service.DriverCommandExecutor.execute(DriverCommandExecutor.java:142) ~[selenium-remote-driver-4.5.0.jar:?]
	at org.openqa.selenium.remote.RemoteWebDriver.execute(RemoteWebDriver.java:547) ~[selenium-remote-driver-4.5.0.jar:?]
	at org.openqa.selenium.remote.RemoteWebDriver.execute(RemoteWebDriver.java:602) ~[selenium-remote-driver-4.5.0.jar:?]
	at org.openqa.selenium.remote.RemoteWebDriver.execute(RemoteWebDriver.java:606) ~[selenium-remote-driver-4.5.0.jar:?]
	at org.openqa.selenium.remote.RemoteWebDriver.getCurrentUrl(RemoteWebDriver.java:322) ~[selenium-remote-driver-4.5.0.jar:?]
	at com.googlecode.jmeter.plugins.webdriver.config.WebDriverConfig.hasThreadBrowser(WebDriverConfig.java:284) ~[jmeter-plugins-webdriver-4.5.1.jar:?]
	at com.googlecode.jmeter.plugins.webdriver.config.WebDriverConfig.threadStarted(WebDriverConfig.java:214) ~[jmeter-plugins-webdriver-4.5.1.jar:?]
	at org.apache.jmeter.threads.JMeterThread$ThreadListenerTraverser.addNode(JMeterThread.java:797) ~[ApacheJMeter_core.jar:5.5]
	at org.apache.jorphan.collections.HashTree.traverseInto(HashTree.java:993) ~[jorphan.jar:5.5]
	at org.apache.jorphan.collections.HashTree.traverse(HashTree.java:976) ~[jorphan.jar:5.5]
	at org.apache.jmeter.threads.JMeterThread.threadStarted(JMeterThread.java:765) ~[ApacheJMeter_core.jar:5.5]
	at org.apache.jmeter.threads.JMeterThread.initRun(JMeterThread.java:753) ~[ApacheJMeter_core.jar:5.5]
	at org.apache.jmeter.threads.JMeterThread.run(JMeterThread.java:264) ~[ApacheJMeter_core.jar:5.5]
	at java.lang.Thread.run(Thread.java:833) ~[?:?]
2023-02-17 18:11:59,020 ERROR c.g.j.p.w.s.WebDriverSampler: javax.script.ScriptException: groovy.lang.MissingPropertyException: No such property: org for class: Script3
2023-02-17 18:11:59,021 INFO o.a.j.t.JMeterThread: Thread is done: Thread Group 1-1
2023-02-17 18:11:59,021 INFO o.a.j.t.JMeterThread: Thread finished: Thread Group 1-1
2023-02-17 18:11:59,021 INFO o.a.j.e.StandardJMeterEngine: Notifying test listeners of end of test
2023-02-17 18:11:59,021 INFO o.a.j.g.u.JMeterMenuBar: setRunning(false, *local*)
2023-02-17 18:13:50,507 INFO o.a.j.e.StandardJMeterEngine: Running the test!
2023-02-17 18:13:50,507 INFO o.a.j.s.SampleEvent: List of sample_variables: []
2023-02-17 18:13:50,508 INFO o.a.j.g.u.JMeterMenuBar: setRunning(true, *local*)
2023-02-17 18:13:50,540 INFO o.a.j.e.StandardJMeterEngine: Starting ThreadGroup: 1 : Thread Group
2023-02-17 18:13:50,540 INFO o.a.j.e.StandardJMeterEngine: Starting 1 threads for group Thread Group.
2023-02-17 18:13:50,540 INFO o.a.j.e.StandardJMeterEngine: Thread will continue on error
2023-02-17 18:13:50,541 INFO o.a.j.t.ThreadGroup: Starting thread group... number=1 threads=1 ramp-up=1 delayedStart=false
2023-02-17 18:13:50,543 INFO o.a.j.t.ThreadGroup: Started thread group number 1
2023-02-17 18:13:50,543 INFO o.a.j.e.StandardJMeterEngine: All thread groups have been started
2023-02-17 18:13:50,544 INFO o.a.j.t.JMeterThread: Thread started: Thread Group 1-1
2023-02-17 18:13:50,551 WARN c.g.j.p.w.c.WebDriverConfig: Old browser object is inaccessible, will create new
org.openqa.selenium.NoSuchWindowException: no such window: target window already closed
from unknown error: web view not found
  (Session info: chrome=110.0.5481.97)
Build info: version: '4.5.0', revision: 'fe167b119a'
System info: os.name: 'Windows 10', os.arch: 'amd64', os.version: '10.0', java.version: '18.0.2'
Driver info: org.openqa.selenium.chrome.ChromeDriver
Command: [16e55e94f2a37288a2132e33a480dc27, getCurrentUrl {}]
Capabilities {acceptInsecureCerts: true, browserName: chrome, browserVersion: 110.0.5481.97, chrome: {chromedriverVersion: 110.0.5481.77 (65ed616c6e8e..., userDataDir: C:\Users\NITSAC~1\AppData\L...}, goog:chromeOptions: {debuggerAddress: localhost:60075}, networkConnectionEnabled: false, pageLoadStrategy: normal, platformName: WINDOWS, proxy: Proxy(system), se:cdp: ws://localhost:60075/devtoo..., se:cdpVersion: 110.0.5481.97, setWindowRect: true, strictFileInteractability: false, timeouts: {implicit: 0, pageLoad: 300000, script: 30000}, unhandledPromptBehavior: dismiss and notify, webauthn:extension:credBlob: true, webauthn:extension:largeBlob: true, webauthn:virtualAuthenticators: true}
Session ID: 16e55e94f2a37288a2132e33a480dc27
	at jdk.internal.reflect.DirectConstructorHandleAccessor.newInstance(DirectConstructorHandleAccessor.java:67) ~[?:?]
	at java.lang.reflect.Constructor.newInstanceWithCaller(Constructor.java:499) ~[?:?]
	at java.lang.reflect.Constructor.newInstance(Constructor.java:483) ~[?:?]
	at org.openqa.selenium.remote.codec.w3c.W3CHttpResponseCodec.createException(W3CHttpResponseCodec.java:200) ~[selenium-remote-driver-4.5.0.jar:?]
	at org.openqa.selenium.remote.codec.w3c.W3CHttpResponseCodec.decode(W3CHttpResponseCodec.java:133) ~[selenium-remote-driver-4.5.0.jar:?]
	at org.openqa.selenium.remote.codec.w3c.W3CHttpResponseCodec.decode(W3CHttpResponseCodec.java:53) ~[selenium-remote-driver-4.5.0.jar:?]
	at org.openqa.selenium.remote.HttpCommandExecutor.execute(HttpCommandExecutor.java:184) ~[selenium-remote-driver-4.5.0.jar:?]
	at org.openqa.selenium.remote.service.DriverCommandExecutor.invokeExecute(DriverCommandExecutor.java:167) ~[selenium-remote-driver-4.5.0.jar:?]
	at org.openqa.selenium.remote.service.DriverCommandExecutor.execute(DriverCommandExecutor.java:142) ~[selenium-remote-driver-4.5.0.jar:?]
	at org.openqa.selenium.remote.RemoteWebDriver.execute(RemoteWebDriver.java:547) ~[selenium-remote-driver-4.5.0.jar:?]
	at org.openqa.selenium.remote.RemoteWebDriver.execute(RemoteWebDriver.java:602) ~[selenium-remote-driver-4.5.0.jar:?]
	at org.openqa.selenium.remote.RemoteWebDriver.execute(RemoteWebDriver.java:606) ~[selenium-remote-driver-4.5.0.jar:?]
	at org.openqa.selenium.remote.RemoteWebDriver.getCurrentUrl(RemoteWebDriver.java:322) ~[selenium-remote-driver-4.5.0.jar:?]
	at com.googlecode.jmeter.plugins.webdriver.config.WebDriverConfig.hasThreadBrowser(WebDriverConfig.java:284) ~[jmeter-plugins-webdriver-4.5.1.jar:?]
	at com.googlecode.jmeter.plugins.webdriver.config.WebDriverConfig.threadStarted(WebDriverConfig.java:214) ~[jmeter-plugins-webdriver-4.5.1.jar:?]
	at org.apache.jmeter.threads.JMeterThread$ThreadListenerTraverser.addNode(JMeterThread.java:797) ~[ApacheJMeter_core.jar:5.5]
	at org.apache.jorphan.collections.HashTree.traverseInto(HashTree.java:993) ~[jorphan.jar:5.5]
	at org.apache.jorphan.collections.HashTree.traverse(HashTree.java:976) ~[jorphan.jar:5.5]
	at org.apache.jmeter.threads.JMeterThread.threadStarted(JMeterThread.java:765) ~[ApacheJMeter_core.jar:5.5]
	at org.apache.jmeter.threads.JMeterThread.initRun(JMeterThread.java:753) ~[ApacheJMeter_core.jar:5.5]
	at org.apache.jmeter.threads.JMeterThread.run(JMeterThread.java:264) ~[ApacheJMeter_core.jar:5.5]
	at java.lang.Thread.run(Thread.java:833) ~[?:?]
2023-02-17 18:13:56,580 ERROR c.g.j.p.w.s.WebDriverSampler: javax.script.ScriptException: groovy.lang.MissingPropertyException: No such property: org for class: Script4
2023-02-17 18:13:56,580 INFO o.a.j.t.JMeterThread: Thread is done: Thread Group 1-1
2023-02-17 18:13:56,580 INFO o.a.j.t.JMeterThread: Thread finished: Thread Group 1-1
2023-02-17 18:13:56,581 INFO o.a.j.e.StandardJMeterEngine: Notifying test listeners of end of test
2023-02-17 18:13:56,581 INFO o.a.j.g.u.JMeterMenuBar: setRunning(false, *local*)
2023-02-17 18:14:59,660 INFO o.a.j.e.StandardJMeterEngine: Running the test!
2023-02-17 18:14:59,661 INFO o.a.j.s.SampleEvent: List of sample_variables: []
2023-02-17 18:14:59,661 INFO o.a.j.g.u.JMeterMenuBar: setRunning(true, *local*)
2023-02-17 18:14:59,692 INFO o.a.j.e.StandardJMeterEngine: Starting ThreadGroup: 1 : Thread Group
2023-02-17 18:14:59,692 INFO o.a.j.e.StandardJMeterEngine: Starting 1 threads for group Thread Group.
2023-02-17 18:14:59,692 INFO o.a.j.e.StandardJMeterEngine: Thread will continue on error
2023-02-17 18:14:59,692 INFO o.a.j.t.ThreadGroup: Starting thread group... number=1 threads=1 ramp-up=1 delayedStart=false
2023-02-17 18:14:59,695 INFO o.a.j.t.ThreadGroup: Started thread group number 1
2023-02-17 18:14:59,695 INFO o.a.j.e.StandardJMeterEngine: All thread groups have been started
2023-02-17 18:14:59,695 INFO o.a.j.t.JMeterThread: Thread started: Thread Group 1-1
2023-02-17 18:14:59,704 WARN c.g.j.p.w.c.WebDriverConfig: Thread: Thread Group 1-1 already has a WebDriver(ChromeDriver: chrome on WINDOWS (a81429a0007559a8804bc13e4ffcff84)) associated with it. ThreadGroup can only contain a single WebDriverConfig.
2023-02-17 18:14:59,705 ERROR o.a.j.t.JMeterThread: Error while processing sampler: 'jp@gc - WebDriver Sampler'.
java.lang.IllegalArgumentException: Browser has not been configured.  Please ensure at least 1 WebDriverConfig is created for a ThreadGroup.
	at com.googlecode.jmeter.plugins.webdriver.sampler.WebDriverSampler.sample(WebDriverSampler.java:63) ~[jmeter-plugins-webdriver-4.5.1.jar:?]
	at org.apache.jmeter.threads.JMeterThread.doSampling(JMeterThread.java:651) ~[ApacheJMeter_core.jar:5.5]
	at org.apache.jmeter.threads.JMeterThread.executeSamplePackage(JMeterThread.java:570) ~[ApacheJMeter_core.jar:5.5]
	at org.apache.jmeter.threads.JMeterThread.processSampler(JMeterThread.java:501) ~[ApacheJMeter_core.jar:5.5]
	at org.apache.jmeter.threads.JMeterThread.run(JMeterThread.java:268) ~[ApacheJMeter_core.jar:5.5]
	at java.lang.Thread.run(Thread.java:833) ~[?:?]
2023-02-17 18:14:59,705 INFO o.a.j.t.JMeterThread: Thread is done: Thread Group 1-1
2023-02-17 18:14:59,705 INFO o.a.j.t.JMeterThread: Thread finished: Thread Group 1-1
2023-02-17 18:14:59,705 INFO o.a.j.e.StandardJMeterEngine: Notifying test listeners of end of test
2023-02-17 18:14:59,705 INFO o.a.j.g.u.JMeterMenuBar: setRunning(false, *local*)
2023-02-17 18:15:08,627 INFO o.a.j.e.StandardJMeterEngine: Running the test!
2023-02-17 18:15:08,627 INFO o.a.j.s.SampleEvent: List of sample_variables: []
2023-02-17 18:15:08,627 INFO o.a.j.g.u.JMeterMenuBar: setRunning(true, *local*)
2023-02-17 18:15:08,659 INFO o.a.j.e.StandardJMeterEngine: Starting ThreadGroup: 1 : Thread Group
2023-02-17 18:15:08,659 INFO o.a.j.e.StandardJMeterEngine: Starting 1 threads for group Thread Group.
2023-02-17 18:15:08,659 INFO o.a.j.e.StandardJMeterEngine: Thread will continue on error
2023-02-17 18:15:08,660 INFO o.a.j.t.ThreadGroup: Starting thread group... number=1 threads=1 ramp-up=1 delayedStart=false
2023-02-17 18:15:08,661 INFO o.a.j.t.ThreadGroup: Started thread group number 1
2023-02-17 18:15:08,661 INFO o.a.j.e.StandardJMeterEngine: All thread groups have been started
2023-02-17 18:15:08,661 INFO o.a.j.t.JMeterThread: Thread started: Thread Group 1-1
2023-02-17 18:15:08,665 WARN c.g.j.p.w.c.WebDriverConfig: Old browser object is inaccessible, will create new
org.openqa.selenium.NoSuchWindowException: no such window: target window already closed
from unknown error: web view not found
  (Session info: chrome=110.0.5481.97)
Build info: version: '4.5.0', revision: 'fe167b119a'
System info: os.name: 'Windows 10', os.arch: 'amd64', os.version: '10.0', java.version: '18.0.2'
Driver info: org.openqa.selenium.chrome.ChromeDriver
Command: [a81429a0007559a8804bc13e4ffcff84, getCurrentUrl {}]
Capabilities {acceptInsecureCerts: true, browserName: chrome, browserVersion: 110.0.5481.97, chrome: {chromedriverVersion: 110.0.5481.77 (65ed616c6e8e..., userDataDir: C:\Users\NITSAC~1\AppData\L...}, goog:chromeOptions: {debuggerAddress: localhost:60394}, networkConnectionEnabled: false, pageLoadStrategy: normal, platformName: WINDOWS, proxy: Proxy(system), se:cdp: ws://localhost:60394/devtoo..., se:cdpVersion: 110.0.5481.97, setWindowRect: true, strictFileInteractability: false, timeouts: {implicit: 0, pageLoad: 300000, script: 30000}, unhandledPromptBehavior: dismiss and notify, webauthn:extension:credBlob: true, webauthn:extension:largeBlob: true, webauthn:virtualAuthenticators: true}
Session ID: a81429a0007559a8804bc13e4ffcff84
	at jdk.internal.reflect.DirectConstructorHandleAccessor.newInstance(DirectConstructorHandleAccessor.java:67) ~[?:?]
	at java.lang.reflect.Constructor.newInstanceWithCaller(Constructor.java:499) ~[?:?]
	at java.lang.reflect.Constructor.newInstance(Constructor.java:483) ~[?:?]
	at org.openqa.selenium.remote.codec.w3c.W3CHttpResponseCodec.createException(W3CHttpResponseCodec.java:200) ~[selenium-remote-driver-4.5.0.jar:?]
	at org.openqa.selenium.remote.codec.w3c.W3CHttpResponseCodec.decode(W3CHttpResponseCodec.java:133) ~[selenium-remote-driver-4.5.0.jar:?]
	at org.openqa.selenium.remote.codec.w3c.W3CHttpResponseCodec.decode(W3CHttpResponseCodec.java:53) ~[selenium-remote-driver-4.5.0.jar:?]
	at org.openqa.selenium.remote.HttpCommandExecutor.execute(HttpCommandExecutor.java:184) ~[selenium-remote-driver-4.5.0.jar:?]
	at org.openqa.selenium.remote.service.DriverCommandExecutor.invokeExecute(DriverCommandExecutor.java:167) ~[selenium-remote-driver-4.5.0.jar:?]
	at org.openqa.selenium.remote.service.DriverCommandExecutor.execute(DriverCommandExecutor.java:142) ~[selenium-remote-driver-4.5.0.jar:?]
	at org.openqa.selenium.remote.RemoteWebDriver.execute(RemoteWebDriver.java:547) ~[selenium-remote-driver-4.5.0.jar:?]
	at org.openqa.selenium.remote.RemoteWebDriver.execute(RemoteWebDriver.java:602) ~[selenium-remote-driver-4.5.0.jar:?]
	at org.openqa.selenium.remote.RemoteWebDriver.execute(RemoteWebDriver.java:606) ~[selenium-remote-driver-4.5.0.jar:?]
	at org.openqa.selenium.remote.RemoteWebDriver.getCurrentUrl(RemoteWebDriver.java:322) ~[selenium-remote-driver-4.5.0.jar:?]
	at com.googlecode.jmeter.plugins.webdriver.config.WebDriverConfig.hasThreadBrowser(WebDriverConfig.java:284) ~[jmeter-plugins-webdriver-4.5.1.jar:?]
	at com.googlecode.jmeter.plugins.webdriver.config.WebDriverConfig.threadStarted(WebDriverConfig.java:214) ~[jmeter-plugins-webdriver-4.5.1.jar:?]
	at org.apache.jmeter.threads.JMeterThread$ThreadListenerTraverser.addNode(JMeterThread.java:797) ~[ApacheJMeter_core.jar:5.5]
	at org.apache.jorphan.collections.HashTree.traverseInto(HashTree.java:993) ~[jorphan.jar:5.5]
	at org.apache.jorphan.collections.HashTree.traverse(HashTree.java:976) ~[jorphan.jar:5.5]
	at org.apache.jmeter.threads.JMeterThread.threadStarted(JMeterThread.java:765) ~[ApacheJMeter_core.jar:5.5]
	at org.apache.jmeter.threads.JMeterThread.initRun(JMeterThread.java:753) ~[ApacheJMeter_core.jar:5.5]
	at org.apache.jmeter.threads.JMeterThread.run(JMeterThread.java:264) ~[ApacheJMeter_core.jar:5.5]
	at java.lang.Thread.run(Thread.java:833) ~[?:?]
2023-02-17 18:15:10,067 ERROR c.g.j.p.w.s.WebDriverSampler: In file: inline evaluation of: ``WDS.sampleResult.sampleStart() WDS.browser.get('https://dev.revenueintellect.com . . . '' Encountered "WDS" at line 2, column 1.
 in inline evaluation of: ``WDS.sampleResult.sampleStart() WDS.browser.get('https://dev.revenueintellect.com . . . '' at line number 2
2023-02-17 18:15:10,067 INFO o.a.j.t.JMeterThread: Thread is done: Thread Group 1-1
2023-02-17 18:15:10,067 INFO o.a.j.t.JMeterThread: Thread finished: Thread Group 1-1
2023-02-17 18:15:10,068 INFO o.a.j.e.StandardJMeterEngine: Notifying test listeners of end of test
2023-02-17 18:15:10,068 INFO o.a.j.g.u.JMeterMenuBar: setRunning(false, *local*)
2023-02-17 18:22:49,149 INFO o.a.j.e.StandardJMeterEngine: Running the test!
2023-02-17 18:22:49,149 INFO o.a.j.s.SampleEvent: List of sample_variables: []
2023-02-17 18:22:49,149 INFO o.a.j.g.u.JMeterMenuBar: setRunning(true, *local*)
2023-02-17 18:22:49,186 INFO o.a.j.e.StandardJMeterEngine: Starting ThreadGroup: 1 : Thread Group
2023-02-17 18:22:49,186 INFO o.a.j.e.StandardJMeterEngine: Starting 1 threads for group Thread Group.
2023-02-17 18:22:49,186 INFO o.a.j.e.StandardJMeterEngine: Thread will continue on error
2023-02-17 18:22:49,187 INFO o.a.j.t.ThreadGroup: Starting thread group... number=1 threads=1 ramp-up=1 delayedStart=false
2023-02-17 18:22:49,189 INFO o.a.j.t.ThreadGroup: Started thread group number 1
2023-02-17 18:22:49,189 INFO o.a.j.e.StandardJMeterEngine: All thread groups have been started
2023-02-17 18:22:49,189 INFO o.a.j.t.JMeterThread: Thread started: Thread Group 1-1
2023-02-17 18:22:49,197 WARN c.g.j.p.w.c.WebDriverConfig: Old browser object is inaccessible, will create new
org.openqa.selenium.NoSuchWindowException: no such window: target window already closed
from unknown error: web view not found
  (Session info: chrome=110.0.5481.97)
Build info: version: '4.5.0', revision: 'fe167b119a'
System info: os.name: 'Windows 10', os.arch: 'amd64', os.version: '10.0', java.version: '18.0.2'
Driver info: org.openqa.selenium.chrome.ChromeDriver
Command: [99572722289906377b70f0513f25a4c9, getCurrentUrl {}]
Capabilities {acceptInsecureCerts: true, browserName: chrome, browserVersion: 110.0.5481.97, chrome: {chromedriverVersion: 110.0.5481.77 (65ed616c6e8e..., userDataDir: C:\Users\NITSAC~1\AppData\L...}, goog:chromeOptions: {debuggerAddress: localhost:60564}, networkConnectionEnabled: false, pageLoadStrategy: normal, platformName: WINDOWS, proxy: Proxy(system), se:cdp: ws://localhost:60564/devtoo..., se:cdpVersion: 110.0.5481.97, setWindowRect: true, strictFileInteractability: false, timeouts: {implicit: 0, pageLoad: 300000, script: 30000}, unhandledPromptBehavior: dismiss and notify, webauthn:extension:credBlob: true, webauthn:extension:largeBlob: true, webauthn:virtualAuthenticators: true}
Session ID: 99572722289906377b70f0513f25a4c9
	at jdk.internal.reflect.DirectConstructorHandleAccessor.newInstance(DirectConstructorHandleAccessor.java:67) ~[?:?]
	at java.lang.reflect.Constructor.newInstanceWithCaller(Constructor.java:499) ~[?:?]
	at java.lang.reflect.Constructor.newInstance(Constructor.java:483) ~[?:?]
	at org.openqa.selenium.remote.codec.w3c.W3CHttpResponseCodec.createException(W3CHttpResponseCodec.java:200) ~[selenium-remote-driver-4.5.0.jar:?]
	at org.openqa.selenium.remote.codec.w3c.W3CHttpResponseCodec.decode(W3CHttpResponseCodec.java:133) ~[selenium-remote-driver-4.5.0.jar:?]
	at org.openqa.selenium.remote.codec.w3c.W3CHttpResponseCodec.decode(W3CHttpResponseCodec.java:53) ~[selenium-remote-driver-4.5.0.jar:?]
	at org.openqa.selenium.remote.HttpCommandExecutor.execute(HttpCommandExecutor.java:184) ~[selenium-remote-driver-4.5.0.jar:?]
	at org.openqa.selenium.remote.service.DriverCommandExecutor.invokeExecute(DriverCommandExecutor.java:167) ~[selenium-remote-driver-4.5.0.jar:?]
	at org.openqa.selenium.remote.service.DriverCommandExecutor.execute(DriverCommandExecutor.java:142) ~[selenium-remote-driver-4.5.0.jar:?]
	at org.openqa.selenium.remote.RemoteWebDriver.execute(RemoteWebDriver.java:547) ~[selenium-remote-driver-4.5.0.jar:?]
	at org.openqa.selenium.remote.RemoteWebDriver.execute(RemoteWebDriver.java:602) ~[selenium-remote-driver-4.5.0.jar:?]
	at org.openqa.selenium.remote.RemoteWebDriver.execute(RemoteWebDriver.java:606) ~[selenium-remote-driver-4.5.0.jar:?]
	at org.openqa.selenium.remote.RemoteWebDriver.getCurrentUrl(RemoteWebDriver.java:322) ~[selenium-remote-driver-4.5.0.jar:?]
	at com.googlecode.jmeter.plugins.webdriver.config.WebDriverConfig.hasThreadBrowser(WebDriverConfig.java:284) ~[jmeter-plugins-webdriver-4.5.1.jar:?]
	at com.googlecode.jmeter.plugins.webdriver.config.WebDriverConfig.threadStarted(WebDriverConfig.java:214) ~[jmeter-plugins-webdriver-4.5.1.jar:?]
	at org.apache.jmeter.threads.JMeterThread$ThreadListenerTraverser.addNode(JMeterThread.java:797) ~[ApacheJMeter_core.jar:5.5]
	at org.apache.jorphan.collections.HashTree.traverseInto(HashTree.java:993) ~[jorphan.jar:5.5]
	at org.apache.jorphan.collections.HashTree.traverse(HashTree.java:976) ~[jorphan.jar:5.5]
	at org.apache.jmeter.threads.JMeterThread.threadStarted(JMeterThread.java:765) ~[ApacheJMeter_core.jar:5.5]
	at org.apache.jmeter.threads.JMeterThread.initRun(JMeterThread.java:753) ~[ApacheJMeter_core.jar:5.5]
	at org.apache.jmeter.threads.JMeterThread.run(JMeterThread.java:264) ~[ApacheJMeter_core.jar:5.5]
	at java.lang.Thread.run(Thread.java:833) ~[?:?]
2023-02-17 18:22:55,215 ERROR c.g.j.p.w.s.WebDriverSampler: javax.script.ScriptException: groovy.lang.MissingPropertyException: No such property: org for class: Script5
2023-02-17 18:22:55,216 INFO o.a.j.t.JMeterThread: Thread is done: Thread Group 1-1
2023-02-17 18:22:55,216 INFO o.a.j.t.JMeterThread: Thread finished: Thread Group 1-1
2023-02-17 18:22:55,216 INFO o.a.j.e.StandardJMeterEngine: Notifying test listeners of end of test
2023-02-17 18:22:55,216 INFO o.a.j.g.u.JMeterMenuBar: setRunning(false, *local*)
2023-02-17 18:25:12,464 INFO o.a.j.e.StandardJMeterEngine: Running the test!
2023-02-17 18:25:12,465 INFO o.a.j.s.SampleEvent: List of sample_variables: []
2023-02-17 18:25:12,465 INFO o.a.j.g.u.JMeterMenuBar: setRunning(true, *local*)
2023-02-17 18:25:12,500 INFO o.a.j.e.StandardJMeterEngine: Starting ThreadGroup: 1 : Thread Group
2023-02-17 18:25:12,500 INFO o.a.j.e.StandardJMeterEngine: Starting 1 threads for group Thread Group.
2023-02-17 18:25:12,500 INFO o.a.j.e.StandardJMeterEngine: Thread will continue on error
2023-02-17 18:25:12,500 INFO o.a.j.t.ThreadGroup: Starting thread group... number=1 threads=1 ramp-up=1 delayedStart=false
2023-02-17 18:25:12,502 INFO o.a.j.t.ThreadGroup: Started thread group number 1
2023-02-17 18:25:12,502 INFO o.a.j.e.StandardJMeterEngine: All thread groups have been started
2023-02-17 18:25:12,502 INFO o.a.j.t.JMeterThread: Thread started: Thread Group 1-1
2023-02-17 18:25:12,508 WARN c.g.j.p.w.c.WebDriverConfig: Old browser object is inaccessible, will create new
org.openqa.selenium.NoSuchWindowException: no such window: target window already closed
from unknown error: web view not found
  (Session info: chrome=110.0.5481.97)
Build info: version: '4.5.0', revision: 'fe167b119a'
System info: os.name: 'Windows 10', os.arch: 'amd64', os.version: '10.0', java.version: '18.0.2'
Driver info: org.openqa.selenium.chrome.ChromeDriver
Command: [2899b09828fdcefc8b75be4f256d4e37, getCurrentUrl {}]
Capabilities {acceptInsecureCerts: true, browserName: chrome, browserVersion: 110.0.5481.97, chrome: {chromedriverVersion: 110.0.5481.77 (65ed616c6e8e..., userDataDir: C:\Users\NITSAC~1\AppData\L...}, goog:chromeOptions: {debuggerAddress: localhost:61593}, networkConnectionEnabled: false, pageLoadStrategy: normal, platformName: WINDOWS, proxy: Proxy(system), se:cdp: ws://localhost:61593/devtoo..., se:cdpVersion: 110.0.5481.97, setWindowRect: true, strictFileInteractability: false, timeouts: {implicit: 0, pageLoad: 300000, script: 30000}, unhandledPromptBehavior: dismiss and notify, webauthn:extension:credBlob: true, webauthn:extension:largeBlob: true, webauthn:virtualAuthenticators: true}
Session ID: 2899b09828fdcefc8b75be4f256d4e37
	at jdk.internal.reflect.DirectConstructorHandleAccessor.newInstance(DirectConstructorHandleAccessor.java:67) ~[?:?]
	at java.lang.reflect.Constructor.newInstanceWithCaller(Constructor.java:499) ~[?:?]
	at java.lang.reflect.Constructor.newInstance(Constructor.java:483) ~[?:?]
	at org.openqa.selenium.remote.codec.w3c.W3CHttpResponseCodec.createException(W3CHttpResponseCodec.java:200) ~[selenium-remote-driver-4.5.0.jar:?]
	at org.openqa.selenium.remote.codec.w3c.W3CHttpResponseCodec.decode(W3CHttpResponseCodec.java:133) ~[selenium-remote-driver-4.5.0.jar:?]
	at org.openqa.selenium.remote.codec.w3c.W3CHttpResponseCodec.decode(W3CHttpResponseCodec.java:53) ~[selenium-remote-driver-4.5.0.jar:?]
	at org.openqa.selenium.remote.HttpCommandExecutor.execute(HttpCommandExecutor.java:184) ~[selenium-remote-driver-4.5.0.jar:?]
	at org.openqa.selenium.remote.service.DriverCommandExecutor.invokeExecute(DriverCommandExecutor.java:167) ~[selenium-remote-driver-4.5.0.jar:?]
	at org.openqa.selenium.remote.service.DriverCommandExecutor.execute(DriverCommandExecutor.java:142) ~[selenium-remote-driver-4.5.0.jar:?]
	at org.openqa.selenium.remote.RemoteWebDriver.execute(RemoteWebDriver.java:547) ~[selenium-remote-driver-4.5.0.jar:?]
	at org.openqa.selenium.remote.RemoteWebDriver.execute(RemoteWebDriver.java:602) ~[selenium-remote-driver-4.5.0.jar:?]
	at org.openqa.selenium.remote.RemoteWebDriver.execute(RemoteWebDriver.java:606) ~[selenium-remote-driver-4.5.0.jar:?]
	at org.openqa.selenium.remote.RemoteWebDriver.getCurrentUrl(RemoteWebDriver.java:322) ~[selenium-remote-driver-4.5.0.jar:?]
	at com.googlecode.jmeter.plugins.webdriver.config.WebDriverConfig.hasThreadBrowser(WebDriverConfig.java:284) ~[jmeter-plugins-webdriver-4.5.1.jar:?]
	at com.googlecode.jmeter.plugins.webdriver.config.WebDriverConfig.threadStarted(WebDriverConfig.java:214) ~[jmeter-plugins-webdriver-4.5.1.jar:?]
	at org.apache.jmeter.threads.JMeterThread$ThreadListenerTraverser.addNode(JMeterThread.java:797) ~[ApacheJMeter_core.jar:5.5]
	at org.apache.jorphan.collections.HashTree.traverseInto(HashTree.java:993) ~[jorphan.jar:5.5]
	at org.apache.jorphan.collections.HashTree.traverse(HashTree.java:976) ~[jorphan.jar:5.5]
	at org.apache.jmeter.threads.JMeterThread.threadStarted(JMeterThread.java:765) ~[ApacheJMeter_core.jar:5.5]
	at org.apache.jmeter.threads.JMeterThread.initRun(JMeterThread.java:753) ~[ApacheJMeter_core.jar:5.5]
	at org.apache.jmeter.threads.JMeterThread.run(JMeterThread.java:264) ~[ApacheJMeter_core.jar:5.5]
	at java.lang.Thread.run(Thread.java:833) ~[?:?]
2023-02-17 18:25:18,451 ERROR c.g.j.p.w.s.WebDriverSampler: javax.script.ScriptException: groovy.lang.MissingPropertyException: No such property: org for class: Script6
2023-02-17 18:25:18,451 INFO o.a.j.t.JMeterThread: Thread is done: Thread Group 1-1
2023-02-17 18:25:18,451 INFO o.a.j.t.JMeterThread: Thread finished: Thread Group 1-1
2023-02-17 18:25:18,451 INFO o.a.j.e.StandardJMeterEngine: Notifying test listeners of end of test
2023-02-17 18:25:18,451 INFO o.a.j.g.u.JMeterMenuBar: setRunning(false, *local*)
2023-02-17 18:26:13,714 INFO o.a.j.e.StandardJMeterEngine: Running the test!
2023-02-17 18:26:13,715 INFO o.a.j.s.SampleEvent: List of sample_variables: []
2023-02-17 18:26:13,715 INFO o.a.j.g.u.JMeterMenuBar: setRunning(true, *local*)
2023-02-17 18:26:13,751 INFO o.a.j.e.StandardJMeterEngine: Starting ThreadGroup: 1 : Thread Group
2023-02-17 18:26:13,751 INFO o.a.j.e.StandardJMeterEngine: Starting 1 threads for group Thread Group.
2023-02-17 18:26:13,751 INFO o.a.j.e.StandardJMeterEngine: Thread will continue on error
2023-02-17 18:26:13,752 INFO o.a.j.t.ThreadGroup: Starting thread group... number=1 threads=1 ramp-up=1 delayedStart=false
2023-02-17 18:26:13,754 INFO o.a.j.t.ThreadGroup: Started thread group number 1
2023-02-17 18:26:13,754 INFO o.a.j.e.StandardJMeterEngine: All thread groups have been started
2023-02-17 18:26:13,754 INFO o.a.j.t.JMeterThread: Thread started: Thread Group 1-1
2023-02-17 18:26:13,759 WARN c.g.j.p.w.c.WebDriverConfig: Old browser object is inaccessible, will create new
org.openqa.selenium.NoSuchWindowException: no such window: target window already closed
from unknown error: web view not found
  (Session info: chrome=110.0.5481.97)
Build info: version: '4.5.0', revision: 'fe167b119a'
System info: os.name: 'Windows 10', os.arch: 'amd64', os.version: '10.0', java.version: '18.0.2'
Driver info: org.openqa.selenium.chrome.ChromeDriver
Command: [fadcebb7621e470b8fc6109a3da6bebc, getCurrentUrl {}]
Capabilities {acceptInsecureCerts: true, browserName: chrome, browserVersion: 110.0.5481.97, chrome: {chromedriverVersion: 110.0.5481.77 (65ed616c6e8e..., userDataDir: C:\Users\NITSAC~1\AppData\L...}, goog:chromeOptions: {debuggerAddress: localhost:61927}, networkConnectionEnabled: false, pageLoadStrategy: normal, platformName: WINDOWS, proxy: Proxy(system), se:cdp: ws://localhost:61927/devtoo..., se:cdpVersion: 110.0.5481.97, setWindowRect: true, strictFileInteractability: false, timeouts: {implicit: 0, pageLoad: 300000, script: 30000}, unhandledPromptBehavior: dismiss and notify, webauthn:extension:credBlob: true, webauthn:extension:largeBlob: true, webauthn:virtualAuthenticators: true}
Session ID: fadcebb7621e470b8fc6109a3da6bebc
	at jdk.internal.reflect.DirectConstructorHandleAccessor.newInstance(DirectConstructorHandleAccessor.java:67) ~[?:?]
	at java.lang.reflect.Constructor.newInstanceWithCaller(Constructor.java:499) ~[?:?]
	at java.lang.reflect.Constructor.newInstance(Constructor.java:483) ~[?:?]
	at org.openqa.selenium.remote.codec.w3c.W3CHttpResponseCodec.createException(W3CHttpResponseCodec.java:200) ~[selenium-remote-driver-4.5.0.jar:?]
	at org.openqa.selenium.remote.codec.w3c.W3CHttpResponseCodec.decode(W3CHttpResponseCodec.java:133) ~[selenium-remote-driver-4.5.0.jar:?]
	at org.openqa.selenium.remote.codec.w3c.W3CHttpResponseCodec.decode(W3CHttpResponseCodec.java:53) ~[selenium-remote-driver-4.5.0.jar:?]
	at org.openqa.selenium.remote.HttpCommandExecutor.execute(HttpCommandExecutor.java:184) ~[selenium-remote-driver-4.5.0.jar:?]
	at org.openqa.selenium.remote.service.DriverCommandExecutor.invokeExecute(DriverCommandExecutor.java:167) ~[selenium-remote-driver-4.5.0.jar:?]
	at org.openqa.selenium.remote.service.DriverCommandExecutor.execute(DriverCommandExecutor.java:142) ~[selenium-remote-driver-4.5.0.jar:?]
	at org.openqa.selenium.remote.RemoteWebDriver.execute(RemoteWebDriver.java:547) ~[selenium-remote-driver-4.5.0.jar:?]
	at org.openqa.selenium.remote.RemoteWebDriver.execute(RemoteWebDriver.java:602) ~[selenium-remote-driver-4.5.0.jar:?]
	at org.openqa.selenium.remote.RemoteWebDriver.execute(RemoteWebDriver.java:606) ~[selenium-remote-driver-4.5.0.jar:?]
	at org.openqa.selenium.remote.RemoteWebDriver.getCurrentUrl(RemoteWebDriver.java:322) ~[selenium-remote-driver-4.5.0.jar:?]
	at com.googlecode.jmeter.plugins.webdriver.config.WebDriverConfig.hasThreadBrowser(WebDriverConfig.java:284) ~[jmeter-plugins-webdriver-4.5.1.jar:?]
	at com.googlecode.jmeter.plugins.webdriver.config.WebDriverConfig.threadStarted(WebDriverConfig.java:214) ~[jmeter-plugins-webdriver-4.5.1.jar:?]
	at org.apache.jmeter.threads.JMeterThread$ThreadListenerTraverser.addNode(JMeterThread.java:797) ~[ApacheJMeter_core.jar:5.5]
	at org.apache.jorphan.collections.HashTree.traverseInto(HashTree.java:993) ~[jorphan.jar:5.5]
	at org.apache.jorphan.collections.HashTree.traverse(HashTree.java:976) ~[jorphan.jar:5.5]
	at org.apache.jmeter.threads.JMeterThread.threadStarted(JMeterThread.java:765) ~[ApacheJMeter_core.jar:5.5]
	at org.apache.jmeter.threads.JMeterThread.initRun(JMeterThread.java:753) ~[ApacheJMeter_core.jar:5.5]
	at org.apache.jmeter.threads.JMeterThread.run(JMeterThread.java:264) ~[ApacheJMeter_core.jar:5.5]
	at java.lang.Thread.run(Thread.java:833) ~[?:?]
2023-02-17 18:26:19,164 ERROR c.g.j.p.w.s.WebDriverSampler: javax.script.ScriptException: groovy.lang.MissingPropertyException: No such property: org for class: Script7
2023-02-17 18:26:19,164 INFO o.a.j.t.JMeterThread: Thread is done: Thread Group 1-1
2023-02-17 18:26:19,164 INFO o.a.j.t.JMeterThread: Thread finished: Thread Group 1-1
2023-02-17 18:26:19,164 INFO o.a.j.e.StandardJMeterEngine: Notifying test listeners of end of test
2023-02-17 18:26:19,165 INFO o.a.j.g.u.JMeterMenuBar: setRunning(false, *local*)
2023-02-17 18:27:22,610 INFO o.a.j.e.StandardJMeterEngine: Running the test!
2023-02-17 18:27:22,610 INFO o.a.j.s.SampleEvent: List of sample_variables: []
2023-02-17 18:27:22,610 INFO o.a.j.g.u.JMeterMenuBar: setRunning(true, *local*)
2023-02-17 18:27:22,648 INFO o.a.j.e.StandardJMeterEngine: Starting ThreadGroup: 1 : Thread Group
2023-02-17 18:27:22,648 INFO o.a.j.e.StandardJMeterEngine: Starting 1 threads for group Thread Group.
2023-02-17 18:27:22,648 INFO o.a.j.e.StandardJMeterEngine: Thread will continue on error
2023-02-17 18:27:22,648 INFO o.a.j.t.ThreadGroup: Starting thread group... number=1 threads=1 ramp-up=1 delayedStart=false
2023-02-17 18:27:22,650 INFO o.a.j.t.ThreadGroup: Started thread group number 1
2023-02-17 18:27:22,650 INFO o.a.j.e.StandardJMeterEngine: All thread groups have been started
2023-02-17 18:27:22,650 INFO o.a.j.t.JMeterThread: Thread started: Thread Group 1-1
2023-02-17 18:27:22,658 WARN c.g.j.p.w.c.WebDriverConfig: Old browser object is inaccessible, will create new
org.openqa.selenium.NoSuchWindowException: no such window: target window already closed
from unknown error: web view not found
  (Session info: chrome=110.0.5481.97)
Build info: version: '4.5.0', revision: 'fe167b119a'
System info: os.name: 'Windows 10', os.arch: 'amd64', os.version: '10.0', java.version: '18.0.2'
Driver info: org.openqa.selenium.chrome.ChromeDriver
Command: [cd3868877a6120b80b858e2b79d8e92a, getCurrentUrl {}]
Capabilities {acceptInsecureCerts: true, browserName: chrome, browserVersion: 110.0.5481.97, chrome: {chromedriverVersion: 110.0.5481.77 (65ed616c6e8e..., userDataDir: C:\Users\NITSAC~1\AppData\L...}, goog:chromeOptions: {debuggerAddress: localhost:62061}, networkConnectionEnabled: false, pageLoadStrategy: normal, platformName: WINDOWS, proxy: Proxy(system), se:cdp: ws://localhost:62061/devtoo..., se:cdpVersion: 110.0.5481.97, setWindowRect: true, strictFileInteractability: false, timeouts: {implicit: 0, pageLoad: 300000, script: 30000}, unhandledPromptBehavior: dismiss and notify, webauthn:extension:credBlob: true, webauthn:extension:largeBlob: true, webauthn:virtualAuthenticators: true}
Session ID: cd3868877a6120b80b858e2b79d8e92a
	at jdk.internal.reflect.DirectConstructorHandleAccessor.newInstance(DirectConstructorHandleAccessor.java:67) ~[?:?]
	at java.lang.reflect.Constructor.newInstanceWithCaller(Constructor.java:499) ~[?:?]
	at java.lang.reflect.Constructor.newInstance(Constructor.java:483) ~[?:?]
	at org.openqa.selenium.remote.codec.w3c.W3CHttpResponseCodec.createException(W3CHttpResponseCodec.java:200) ~[selenium-remote-driver-4.5.0.jar:?]
	at org.openqa.selenium.remote.codec.w3c.W3CHttpResponseCodec.decode(W3CHttpResponseCodec.java:133) ~[selenium-remote-driver-4.5.0.jar:?]
	at org.openqa.selenium.remote.codec.w3c.W3CHttpResponseCodec.decode(W3CHttpResponseCodec.java:53) ~[selenium-remote-driver-4.5.0.jar:?]
	at org.openqa.selenium.remote.HttpCommandExecutor.execute(HttpCommandExecutor.java:184) ~[selenium-remote-driver-4.5.0.jar:?]
	at org.openqa.selenium.remote.service.DriverCommandExecutor.invokeExecute(DriverCommandExecutor.java:167) ~[selenium-remote-driver-4.5.0.jar:?]
	at org.openqa.selenium.remote.service.DriverCommandExecutor.execute(DriverCommandExecutor.java:142) ~[selenium-remote-driver-4.5.0.jar:?]
	at org.openqa.selenium.remote.RemoteWebDriver.execute(RemoteWebDriver.java:547) ~[selenium-remote-driver-4.5.0.jar:?]
	at org.openqa.selenium.remote.RemoteWebDriver.execute(RemoteWebDriver.java:602) ~[selenium-remote-driver-4.5.0.jar:?]
	at org.openqa.selenium.remote.RemoteWebDriver.execute(RemoteWebDriver.java:606) ~[selenium-remote-driver-4.5.0.jar:?]
	at org.openqa.selenium.remote.RemoteWebDriver.getCurrentUrl(RemoteWebDriver.java:322) ~[selenium-remote-driver-4.5.0.jar:?]
	at com.googlecode.jmeter.plugins.webdriver.config.WebDriverConfig.hasThreadBrowser(WebDriverConfig.java:284) ~[jmeter-plugins-webdriver-4.5.1.jar:?]
	at com.googlecode.jmeter.plugins.webdriver.config.WebDriverConfig.threadStarted(WebDriverConfig.java:214) ~[jmeter-plugins-webdriver-4.5.1.jar:?]
	at org.apache.jmeter.threads.JMeterThread$ThreadListenerTraverser.addNode(JMeterThread.java:797) ~[ApacheJMeter_core.jar:5.5]
	at org.apache.jorphan.collections.HashTree.traverseInto(HashTree.java:993) ~[jorphan.jar:5.5]
	at org.apache.jorphan.collections.HashTree.traverse(HashTree.java:976) ~[jorphan.jar:5.5]
	at org.apache.jmeter.threads.JMeterThread.threadStarted(JMeterThread.java:765) ~[ApacheJMeter_core.jar:5.5]
	at org.apache.jmeter.threads.JMeterThread.initRun(JMeterThread.java:753) ~[ApacheJMeter_core.jar:5.5]
	at org.apache.jmeter.threads.JMeterThread.run(JMeterThread.java:264) ~[ApacheJMeter_core.jar:5.5]
	at java.lang.Thread.run(Thread.java:833) ~[?:?]
2023-02-17 18:27:27,906 ERROR c.g.j.p.w.s.WebDriverSampler: javax.script.ScriptException: groovy.lang.MissingPropertyException: No such property: org for class: Script8
2023-02-17 18:27:27,907 INFO o.a.j.t.JMeterThread: Thread is done: Thread Group 1-1
2023-02-17 18:27:27,907 INFO o.a.j.t.JMeterThread: Thread finished: Thread Group 1-1
2023-02-17 18:27:27,907 INFO o.a.j.e.StandardJMeterEngine: Notifying test listeners of end of test
2023-02-17 18:27:27,907 INFO o.a.j.g.u.JMeterMenuBar: setRunning(false, *local*)
